<?xml version="1.0" encoding="UTF-8"?>
<!-- Generated by org.testng.reporters.JUnitReportReporter -->
<testsuite hostname="Adwaita-PC" failures="0" tests="1" name="Test.HomePageTest" time="9.611" errors="0" timestamp="2023-04-02T22:50:16 IST" skipped="0">
  <testcase classname="Test.HomePageTest" name="searchProduct" time="9.611"/>
  <system-out/>
</testsuite> <!-- Test.HomePageTest -->
